[2023-06-05 10:18:59Z INFO HostContext] No proxy settings were found based on environmental variables (http_proxy/https_proxy/HTTP_PROXY/HTTPS_PROXY)
[2023-06-05 10:18:59Z INFO HostContext] Well known directory 'Bin': 'C:\Users\fullm\Documents\Education\Coding\FullstackOpen\GitRepos\full-stack-open-pokedex\actions-runner\bin'
[2023-06-05 10:18:59Z INFO HostContext] Well known directory 'Root': 'C:\Users\fullm\Documents\Education\Coding\FullstackOpen\GitRepos\full-stack-open-pokedex\actions-runner'
[2023-06-05 10:18:59Z INFO HostContext] Well known config file 'Credentials': 'C:\Users\fullm\Documents\Education\Coding\FullstackOpen\GitRepos\full-stack-open-pokedex\actions-runner\.credentials'
[2023-06-05 10:18:59Z INFO HostContext] Well known directory 'Bin': 'C:\Users\fullm\Documents\Education\Coding\FullstackOpen\GitRepos\full-stack-open-pokedex\actions-runner\bin'
[2023-06-05 10:18:59Z INFO HostContext] Well known directory 'Root': 'C:\Users\fullm\Documents\Education\Coding\FullstackOpen\GitRepos\full-stack-open-pokedex\actions-runner'
[2023-06-05 10:18:59Z INFO HostContext] Well known config file 'Runner': 'C:\Users\fullm\Documents\Education\Coding\FullstackOpen\GitRepos\full-stack-open-pokedex\actions-runner\.runner'
[2023-06-05 10:18:59Z INFO Listener] Runner is built for Windows (X64) - win-x64.
[2023-06-05 10:18:59Z INFO Listener] RuntimeInformation: Microsoft Windows 10.0.22621.
[2023-06-05 10:18:59Z INFO Listener] Version: 2.304.0
[2023-06-05 10:18:59Z INFO Listener] Commit: 9ef4121b5b31ee5c03b7770288213d741081f747
[2023-06-05 10:18:59Z INFO Listener] Culture: en-US
[2023-06-05 10:18:59Z INFO Listener] UI Culture: en-US
[2023-06-05 10:18:59Z INFO HostContext] Well known directory 'Bin': 'C:\Users\fullm\Documents\Education\Coding\FullstackOpen\GitRepos\full-stack-open-pokedex\actions-runner\bin'
[2023-06-05 10:18:59Z INFO HostContext] Well known directory 'Root': 'C:\Users\fullm\Documents\Education\Coding\FullstackOpen\GitRepos\full-stack-open-pokedex\actions-runner'
[2023-06-05 10:18:59Z INFO Listener] Validating directory permissions for: 'C:\Users\fullm\Documents\Education\Coding\FullstackOpen\GitRepos\full-stack-open-pokedex\actions-runner'
[2023-06-05 10:18:59Z INFO CommandLineParser] Parse
[2023-06-05 10:18:59Z INFO CommandLineParser] Parsing 1 args
[2023-06-05 10:18:59Z INFO CommandLineParser] parsing argument
[2023-06-05 10:18:59Z INFO CommandLineParser] HasArgs: False
[2023-06-05 10:18:59Z INFO CommandLineParser] Adding Command: run
[2023-06-05 10:18:59Z INFO Listener] Arguments parsed
[2023-06-05 10:18:59Z INFO Runner] ExecuteCommand
[2023-06-05 10:18:59Z INFO ConfigurationStore] currentAssemblyLocation: C:\Users\fullm\Documents\Education\Coding\FullstackOpen\GitRepos\full-stack-open-pokedex\actions-runner\bin\Runner.Listener.dll
[2023-06-05 10:18:59Z INFO HostContext] Well known directory 'Bin': 'C:\Users\fullm\Documents\Education\Coding\FullstackOpen\GitRepos\full-stack-open-pokedex\actions-runner\bin'
[2023-06-05 10:18:59Z INFO ConfigurationStore] binPath: C:\Users\fullm\Documents\Education\Coding\FullstackOpen\GitRepos\full-stack-open-pokedex\actions-runner\bin
[2023-06-05 10:18:59Z INFO HostContext] Well known directory 'Bin': 'C:\Users\fullm\Documents\Education\Coding\FullstackOpen\GitRepos\full-stack-open-pokedex\actions-runner\bin'
[2023-06-05 10:18:59Z INFO HostContext] Well known directory 'Root': 'C:\Users\fullm\Documents\Education\Coding\FullstackOpen\GitRepos\full-stack-open-pokedex\actions-runner'
[2023-06-05 10:18:59Z INFO ConfigurationStore] RootFolder: C:\Users\fullm\Documents\Education\Coding\FullstackOpen\GitRepos\full-stack-open-pokedex\actions-runner
[2023-06-05 10:18:59Z INFO HostContext] Well known directory 'Bin': 'C:\Users\fullm\Documents\Education\Coding\FullstackOpen\GitRepos\full-stack-open-pokedex\actions-runner\bin'
[2023-06-05 10:18:59Z INFO HostContext] Well known directory 'Root': 'C:\Users\fullm\Documents\Education\Coding\FullstackOpen\GitRepos\full-stack-open-pokedex\actions-runner'
[2023-06-05 10:18:59Z INFO HostContext] Well known config file 'Runner': 'C:\Users\fullm\Documents\Education\Coding\FullstackOpen\GitRepos\full-stack-open-pokedex\actions-runner\.runner'
[2023-06-05 10:18:59Z INFO ConfigurationStore] ConfigFilePath: C:\Users\fullm\Documents\Education\Coding\FullstackOpen\GitRepos\full-stack-open-pokedex\actions-runner\.runner
[2023-06-05 10:18:59Z INFO HostContext] Well known directory 'Bin': 'C:\Users\fullm\Documents\Education\Coding\FullstackOpen\GitRepos\full-stack-open-pokedex\actions-runner\bin'
[2023-06-05 10:18:59Z INFO HostContext] Well known directory 'Root': 'C:\Users\fullm\Documents\Education\Coding\FullstackOpen\GitRepos\full-stack-open-pokedex\actions-runner'
[2023-06-05 10:18:59Z INFO HostContext] Well known config file 'Credentials': 'C:\Users\fullm\Documents\Education\Coding\FullstackOpen\GitRepos\full-stack-open-pokedex\actions-runner\.credentials'
[2023-06-05 10:18:59Z INFO ConfigurationStore] CredFilePath: C:\Users\fullm\Documents\Education\Coding\FullstackOpen\GitRepos\full-stack-open-pokedex\actions-runner\.credentials
[2023-06-05 10:18:59Z INFO HostContext] Well known directory 'Bin': 'C:\Users\fullm\Documents\Education\Coding\FullstackOpen\GitRepos\full-stack-open-pokedex\actions-runner\bin'
[2023-06-05 10:18:59Z INFO HostContext] Well known directory 'Root': 'C:\Users\fullm\Documents\Education\Coding\FullstackOpen\GitRepos\full-stack-open-pokedex\actions-runner'
[2023-06-05 10:18:59Z INFO HostContext] Well known config file 'MigratedCredentials': 'C:\Users\fullm\Documents\Education\Coding\FullstackOpen\GitRepos\full-stack-open-pokedex\actions-runner\.credentials_migrated'
[2023-06-05 10:18:59Z INFO ConfigurationStore] MigratedCredFilePath: C:\Users\fullm\Documents\Education\Coding\FullstackOpen\GitRepos\full-stack-open-pokedex\actions-runner\.credentials_migrated
[2023-06-05 10:18:59Z INFO HostContext] Well known directory 'Bin': 'C:\Users\fullm\Documents\Education\Coding\FullstackOpen\GitRepos\full-stack-open-pokedex\actions-runner\bin'
[2023-06-05 10:18:59Z INFO HostContext] Well known directory 'Root': 'C:\Users\fullm\Documents\Education\Coding\FullstackOpen\GitRepos\full-stack-open-pokedex\actions-runner'
[2023-06-05 10:18:59Z INFO HostContext] Well known config file 'Service': 'C:\Users\fullm\Documents\Education\Coding\FullstackOpen\GitRepos\full-stack-open-pokedex\actions-runner\.service'
[2023-06-05 10:18:59Z INFO ConfigurationStore] ServiceConfigFilePath: C:\Users\fullm\Documents\Education\Coding\FullstackOpen\GitRepos\full-stack-open-pokedex\actions-runner\.service
[2023-06-05 10:18:59Z INFO CommandSettings] Flag 'help': 'False'
[2023-06-05 10:18:59Z INFO CommandSettings] Flag 'version': 'False'
[2023-06-05 10:18:59Z INFO CommandSettings] Flag 'commit': 'False'
[2023-06-05 10:18:59Z INFO CommandSettings] Flag 'check': 'False'
[2023-06-05 10:18:59Z INFO CommandSettings] Command 'configure': 'False'
[2023-06-05 10:18:59Z INFO CommandSettings] Command 'remove': 'False'
[2023-06-05 10:18:59Z INFO CommandSettings] Command 'warmup': 'False'
[2023-06-05 10:18:59Z INFO ConfigurationManager] LoadSettings
[2023-06-05 10:18:59Z INFO ConfigurationStore] IsConfigured()
[2023-06-05 10:18:59Z INFO ConfigurationStore] IsConfigured: True
[2023-06-05 10:18:59Z INFO ConfigurationManager] Is configured: True
[2023-06-05 10:18:59Z INFO ConfigurationStore] Read setting file: 310 chars
[2023-06-05 10:18:59Z INFO ConfigurationManager] Settings Loaded
[2023-06-05 10:18:59Z INFO ConfigurationStore] IsServiceConfigured()
[2023-06-05 10:18:59Z INFO ConfigurationStore] IsServiceConfigured: False
[2023-06-05 10:18:59Z INFO CommandSettings] Command 'run': 'True'
[2023-06-05 10:18:59Z INFO ConfigurationStore] IsConfigured()
[2023-06-05 10:18:59Z INFO ConfigurationStore] IsConfigured: True
[2023-06-05 10:18:59Z INFO ConfigurationManager] Is configured: True
[2023-06-05 10:18:59Z INFO Runner] Could not parse the argument value '' for StartupType. Defaulting to Manual
[2023-06-05 10:18:59Z INFO Runner] Set runner startup type - Manual
[2023-06-05 10:18:59Z INFO CommandSettings] Flag 'once': 'False'
[2023-06-05 10:18:59Z INFO CommandSettings] Flag 'once': 'False'
[2023-06-05 10:18:59Z INFO Runner] RunAsync
[2023-06-05 10:18:59Z INFO ConfigurationManager] LoadSettings
[2023-06-05 10:18:59Z INFO ConfigurationStore] IsConfigured()
[2023-06-05 10:18:59Z INFO ConfigurationStore] IsConfigured: True
[2023-06-05 10:18:59Z INFO ConfigurationManager] Is configured: True
[2023-06-05 10:18:59Z INFO ConfigurationManager] Settings Loaded
[2023-06-05 10:18:59Z INFO MessageListener] {
  "AgentId": 22,
  "AgentName": "DESKTOP-D10U003",
  "PoolId": 1,
  "PoolName": "Default",
  "ServerUrl": "https://pipelines.actions.githubusercontent.com/d16QqtJqhbCCNwBDGMColJhXx838o1DNb0UJF6s78p2zROHFuM",
  "GitHubUrl": "https://github.com/LRNZH/full-stack-open-pokedex",
  "WorkFolder": "_work"
}
[2023-06-05 10:18:59Z INFO MessageListener] Loading Credentials
[2023-06-05 10:18:59Z INFO ConfigurationStore] HasCredentials()
[2023-06-05 10:18:59Z INFO ConfigurationStore] stored True
[2023-06-05 10:18:59Z INFO CredentialManager] GetCredentialProvider
[2023-06-05 10:18:59Z INFO CredentialManager] Creating type OAuth
[2023-06-05 10:18:59Z INFO CredentialManager] Creating credential type: OAuth
[2023-06-05 10:18:59Z INFO HostContext] Well known directory 'Bin': 'C:\Users\fullm\Documents\Education\Coding\FullstackOpen\GitRepos\full-stack-open-pokedex\actions-runner\bin'
[2023-06-05 10:18:59Z INFO HostContext] Well known directory 'Root': 'C:\Users\fullm\Documents\Education\Coding\FullstackOpen\GitRepos\full-stack-open-pokedex\actions-runner'
[2023-06-05 10:18:59Z INFO HostContext] Well known config file 'RSACredentials': 'C:\Users\fullm\Documents\Education\Coding\FullstackOpen\GitRepos\full-stack-open-pokedex\actions-runner\.credentials_rsaparams'
[2023-06-05 10:18:59Z INFO RSAEncryptedFileKeyManager] Loading RSA key parameters from file C:\Users\fullm\Documents\Education\Coding\FullstackOpen\GitRepos\full-stack-open-pokedex\actions-runner\.credentials_rsaparams
[2023-06-05 10:18:59Z INFO MessageListener] Attempt to create session.
[2023-06-05 10:18:59Z INFO MessageListener] Connecting to the Runner Server...
[2023-06-05 10:18:59Z INFO RunnerServer] EstablishVssConnection
[2023-06-05 10:18:59Z INFO RunnerServer] Establish connection with 100 seconds timeout.
[2023-06-05 10:18:59Z INFO GitHubActionsService] Starting operation Location.GetConnectionData
[2023-06-05 10:19:00Z INFO RunnerServer] EstablishVssConnection
[2023-06-05 10:19:00Z INFO RunnerServer] Establish connection with 60 seconds timeout.
[2023-06-05 10:19:00Z INFO GitHubActionsService] Starting operation Location.GetConnectionData
[2023-06-05 10:19:00Z INFO RunnerServer] EstablishVssConnection
[2023-06-05 10:19:00Z INFO RunnerServer] Establish connection with 60 seconds timeout.
[2023-06-05 10:19:00Z INFO GitHubActionsService] Starting operation Location.GetConnectionData
[2023-06-05 10:19:01Z INFO GitHubActionsService] Finished operation Location.GetConnectionData
[2023-06-05 10:19:01Z INFO GitHubActionsService] Finished operation Location.GetConnectionData
[2023-06-05 10:19:01Z INFO GitHubActionsService] Finished operation Location.GetConnectionData
[2023-06-05 10:19:01Z INFO MessageListener] VssConnection created
[2023-06-05 10:19:01Z INFO Terminal] WRITE LINE: 
[2023-06-05 10:19:01Z INFO Terminal] WRITE LINE: 
[2023-06-05 10:19:01Z INFO RSAEncryptedFileKeyManager] Loading RSA key parameters from file C:\Users\fullm\Documents\Education\Coding\FullstackOpen\GitRepos\full-stack-open-pokedex\actions-runner\.credentials_rsaparams
[2023-06-05 10:19:01Z INFO RSAEncryptedFileKeyManager] Loading RSA key parameters from file C:\Users\fullm\Documents\Education\Coding\FullstackOpen\GitRepos\full-stack-open-pokedex\actions-runner\.credentials_rsaparams
[2023-06-05 10:19:02Z INFO GitHubActionsService] AAD Correlation ID for this token request: Unknown
[2023-06-05 10:19:03Z INFO MessageListener] Session created.
[2023-06-05 10:19:03Z INFO Terminal] WRITE LINE: Current runner version: '2.304.0'
[2023-06-05 10:19:03Z INFO Terminal] WRITE LINE: 2023-06-05 10:19:03Z: Listening for Jobs
[2023-06-05 10:19:03Z INFO JobDispatcher] Set runner/worker IPC timeout to 30 seconds.
[2023-06-05 10:19:37Z INFO RSAEncryptedFileKeyManager] Loading RSA key parameters from file C:\Users\fullm\Documents\Education\Coding\FullstackOpen\GitRepos\full-stack-open-pokedex\actions-runner\.credentials_rsaparams
[2023-06-05 10:19:37Z INFO MessageListener] Message '4' received from session 'fda71346-2c9b-471b-a5f3-4f0133fd9b6b'.
[2023-06-05 10:19:37Z INFO Runner] Received job message of length 43497 from service, with hash '0df2eaa1cd1c11c92e6bfd1621ba942d2fddc6dfc27309be59c8ae98c7bb0a41'
[2023-06-05 10:19:37Z INFO JobDispatcher] Job request 71 for plan e487e59f-95e4-4eff-a696-a5524752867c job 2514cf62-f000-5c8b-f424-1fac13edf6f3 received.
[2023-06-05 10:19:37Z INFO JobDispatcher] Pull OrchestrationId e487e59f-95e4-4eff-a696-a5524752867c.simple_deployment_pipeline.__default from JWT claims
[2023-06-05 10:19:37Z INFO Terminal] WRITE LINE: 2023-06-05 10:19:37Z: Running job: simple_deployment_pipeline
[2023-06-05 10:19:37Z INFO JobDispatcher] Start renew job request 71 for job 2514cf62-f000-5c8b-f424-1fac13edf6f3.
[2023-06-05 10:19:38Z INFO JobDispatcher] Successfully renew job request 71, job is valid till 6/5/2023 10:29:37 AM
[2023-06-05 10:19:38Z INFO HostContext] Well known directory 'Bin': 'C:\Users\fullm\Documents\Education\Coding\FullstackOpen\GitRepos\full-stack-open-pokedex\actions-runner\bin'
[2023-06-05 10:19:38Z INFO ProcessInvokerWrapper] Starting process:
[2023-06-05 10:19:38Z INFO ProcessInvokerWrapper]   File name: 'C:\Users\fullm\Documents\Education\Coding\FullstackOpen\GitRepos\full-stack-open-pokedex\actions-runner\bin\Runner.Worker.exe'
[2023-06-05 10:19:38Z INFO ProcessInvokerWrapper]   Arguments: 'spawnclient 2236 2256'
[2023-06-05 10:19:38Z INFO ProcessInvokerWrapper]   Working directory: 'C:\Users\fullm\Documents\Education\Coding\FullstackOpen\GitRepos\full-stack-open-pokedex\actions-runner\bin'
[2023-06-05 10:19:38Z INFO ProcessInvokerWrapper]   Require exit code zero: 'False'
[2023-06-05 10:19:38Z INFO ProcessInvokerWrapper]   Encoding web name:  ; code page: ''
[2023-06-05 10:19:38Z INFO ProcessInvokerWrapper]   Force kill process on cancellation: 'True'
[2023-06-05 10:19:38Z INFO ProcessInvokerWrapper]   Redirected STDIN: 'False'
[2023-06-05 10:19:38Z INFO ProcessInvokerWrapper]   Persist current code page: 'False'
[2023-06-05 10:19:38Z INFO ProcessInvokerWrapper]   Keep redirected STDIN open: 'False'
[2023-06-05 10:19:38Z INFO ProcessInvokerWrapper]   High priority process: 'True'
[2023-06-05 10:19:38Z INFO ProcessInvokerWrapper] Process started with process id 16592, waiting for process exit.
[2023-06-05 10:19:38Z INFO JobDispatcher] Send job request message to worker for job 2514cf62-f000-5c8b-f424-1fac13edf6f3.
[2023-06-05 10:19:38Z INFO ProcessChannel] Sending message of length 43497, with hash '0df2eaa1cd1c11c92e6bfd1621ba942d2fddc6dfc27309be59c8ae98c7bb0a41'
[2023-06-05 10:19:39Z INFO JobNotification] Entering JobStarted Notification
[2023-06-05 10:19:39Z INFO JobNotification] Entering StartMonitor
[2023-06-05 10:20:38Z INFO JobDispatcher] Successfully renew job request 71, job is valid till 6/5/2023 10:30:37 AM
[2023-06-05 10:21:39Z INFO JobDispatcher] Successfully renew job request 71, job is valid till 6/5/2023 10:31:37 AM
[2023-06-05 10:22:39Z INFO JobDispatcher] Successfully renew job request 71, job is valid till 6/5/2023 10:32:38 AM
[2023-06-05 10:23:39Z INFO JobDispatcher] Successfully renew job request 71, job is valid till 6/5/2023 10:33:38 AM
[2023-06-05 10:23:44Z INFO ProcessInvokerWrapper] STDOUT/STDERR stream read finished.
[2023-06-05 10:23:44Z INFO ProcessInvokerWrapper] STDOUT/STDERR stream read finished.
[2023-06-05 10:23:44Z INFO ProcessInvokerWrapper] Finished process 16592 with exit code 102, and elapsed time 00:04:06.4539322.
[2023-06-05 10:23:44Z INFO JobDispatcher] Worker finished for job 2514cf62-f000-5c8b-f424-1fac13edf6f3. Code: 102
[2023-06-05 10:23:44Z INFO JobDispatcher] finish job request for job 2514cf62-f000-5c8b-f424-1fac13edf6f3 with result: Failed
[2023-06-05 10:23:44Z INFO Terminal] WRITE LINE: 2023-06-05 10:23:44Z: Job simple_deployment_pipeline completed with result: Failed
[2023-06-05 10:23:44Z INFO JobDispatcher] Stop renew job request for job 2514cf62-f000-5c8b-f424-1fac13edf6f3.
[2023-06-05 10:23:44Z INFO JobDispatcher] job renew has been cancelled, stop renew job request 71.
[2023-06-05 10:23:44Z INFO JobNotification] Entering JobCompleted Notification
[2023-06-05 10:23:44Z INFO JobNotification] Entering EndMonitor
