[2023-06-05 10:37:34Z INFO HostContext] No proxy settings were found based on environmental variables (http_proxy/https_proxy/HTTP_PROXY/HTTPS_PROXY)
[2023-06-05 10:37:34Z INFO HostContext] Well known directory 'Bin': 'C:\Users\fullm\Documents\Education\Coding\FullstackOpen\GitRepos\full-stack-open-pokedex\actions-runner\bin'
[2023-06-05 10:37:34Z INFO HostContext] Well known directory 'Root': 'C:\Users\fullm\Documents\Education\Coding\FullstackOpen\GitRepos\full-stack-open-pokedex\actions-runner'
[2023-06-05 10:37:34Z INFO HostContext] Well known config file 'Credentials': 'C:\Users\fullm\Documents\Education\Coding\FullstackOpen\GitRepos\full-stack-open-pokedex\actions-runner\.credentials'
[2023-06-05 10:37:34Z INFO HostContext] Well known directory 'Bin': 'C:\Users\fullm\Documents\Education\Coding\FullstackOpen\GitRepos\full-stack-open-pokedex\actions-runner\bin'
[2023-06-05 10:37:34Z INFO HostContext] Well known directory 'Root': 'C:\Users\fullm\Documents\Education\Coding\FullstackOpen\GitRepos\full-stack-open-pokedex\actions-runner'
[2023-06-05 10:37:34Z INFO HostContext] Well known config file 'Runner': 'C:\Users\fullm\Documents\Education\Coding\FullstackOpen\GitRepos\full-stack-open-pokedex\actions-runner\.runner'
[2023-06-05 10:37:34Z INFO Listener] Runner is built for Windows (X64) - win-x64.
[2023-06-05 10:37:34Z INFO Listener] RuntimeInformation: Microsoft Windows 10.0.22621.
[2023-06-05 10:37:34Z INFO Listener] Version: 2.304.0
[2023-06-05 10:37:34Z INFO Listener] Commit: 9ef4121b5b31ee5c03b7770288213d741081f747
[2023-06-05 10:37:34Z INFO Listener] Culture: en-US
[2023-06-05 10:37:34Z INFO Listener] UI Culture: en-US
[2023-06-05 10:37:34Z INFO HostContext] Well known directory 'Bin': 'C:\Users\fullm\Documents\Education\Coding\FullstackOpen\GitRepos\full-stack-open-pokedex\actions-runner\bin'
[2023-06-05 10:37:34Z INFO HostContext] Well known directory 'Root': 'C:\Users\fullm\Documents\Education\Coding\FullstackOpen\GitRepos\full-stack-open-pokedex\actions-runner'
[2023-06-05 10:37:34Z INFO Listener] Validating directory permissions for: 'C:\Users\fullm\Documents\Education\Coding\FullstackOpen\GitRepos\full-stack-open-pokedex\actions-runner'
[2023-06-05 10:37:34Z INFO CommandLineParser] Parse
[2023-06-05 10:37:34Z INFO CommandLineParser] Parsing 1 args
[2023-06-05 10:37:34Z INFO CommandLineParser] parsing argument
[2023-06-05 10:37:34Z INFO CommandLineParser] HasArgs: False
[2023-06-05 10:37:34Z INFO CommandLineParser] Adding Command: run
[2023-06-05 10:37:34Z INFO Listener] Arguments parsed
[2023-06-05 10:37:34Z INFO Runner] ExecuteCommand
[2023-06-05 10:37:34Z INFO ConfigurationStore] currentAssemblyLocation: C:\Users\fullm\Documents\Education\Coding\FullstackOpen\GitRepos\full-stack-open-pokedex\actions-runner\bin\Runner.Listener.dll
[2023-06-05 10:37:34Z INFO HostContext] Well known directory 'Bin': 'C:\Users\fullm\Documents\Education\Coding\FullstackOpen\GitRepos\full-stack-open-pokedex\actions-runner\bin'
[2023-06-05 10:37:34Z INFO ConfigurationStore] binPath: C:\Users\fullm\Documents\Education\Coding\FullstackOpen\GitRepos\full-stack-open-pokedex\actions-runner\bin
[2023-06-05 10:37:34Z INFO HostContext] Well known directory 'Bin': 'C:\Users\fullm\Documents\Education\Coding\FullstackOpen\GitRepos\full-stack-open-pokedex\actions-runner\bin'
[2023-06-05 10:37:34Z INFO HostContext] Well known directory 'Root': 'C:\Users\fullm\Documents\Education\Coding\FullstackOpen\GitRepos\full-stack-open-pokedex\actions-runner'
[2023-06-05 10:37:34Z INFO ConfigurationStore] RootFolder: C:\Users\fullm\Documents\Education\Coding\FullstackOpen\GitRepos\full-stack-open-pokedex\actions-runner
[2023-06-05 10:37:34Z INFO HostContext] Well known directory 'Bin': 'C:\Users\fullm\Documents\Education\Coding\FullstackOpen\GitRepos\full-stack-open-pokedex\actions-runner\bin'
[2023-06-05 10:37:34Z INFO HostContext] Well known directory 'Root': 'C:\Users\fullm\Documents\Education\Coding\FullstackOpen\GitRepos\full-stack-open-pokedex\actions-runner'
[2023-06-05 10:37:34Z INFO HostContext] Well known config file 'Runner': 'C:\Users\fullm\Documents\Education\Coding\FullstackOpen\GitRepos\full-stack-open-pokedex\actions-runner\.runner'
[2023-06-05 10:37:34Z INFO ConfigurationStore] ConfigFilePath: C:\Users\fullm\Documents\Education\Coding\FullstackOpen\GitRepos\full-stack-open-pokedex\actions-runner\.runner
[2023-06-05 10:37:34Z INFO HostContext] Well known directory 'Bin': 'C:\Users\fullm\Documents\Education\Coding\FullstackOpen\GitRepos\full-stack-open-pokedex\actions-runner\bin'
[2023-06-05 10:37:34Z INFO HostContext] Well known directory 'Root': 'C:\Users\fullm\Documents\Education\Coding\FullstackOpen\GitRepos\full-stack-open-pokedex\actions-runner'
[2023-06-05 10:37:34Z INFO HostContext] Well known config file 'Credentials': 'C:\Users\fullm\Documents\Education\Coding\FullstackOpen\GitRepos\full-stack-open-pokedex\actions-runner\.credentials'
[2023-06-05 10:37:34Z INFO ConfigurationStore] CredFilePath: C:\Users\fullm\Documents\Education\Coding\FullstackOpen\GitRepos\full-stack-open-pokedex\actions-runner\.credentials
[2023-06-05 10:37:34Z INFO HostContext] Well known directory 'Bin': 'C:\Users\fullm\Documents\Education\Coding\FullstackOpen\GitRepos\full-stack-open-pokedex\actions-runner\bin'
[2023-06-05 10:37:34Z INFO HostContext] Well known directory 'Root': 'C:\Users\fullm\Documents\Education\Coding\FullstackOpen\GitRepos\full-stack-open-pokedex\actions-runner'
[2023-06-05 10:37:34Z INFO HostContext] Well known config file 'MigratedCredentials': 'C:\Users\fullm\Documents\Education\Coding\FullstackOpen\GitRepos\full-stack-open-pokedex\actions-runner\.credentials_migrated'
[2023-06-05 10:37:34Z INFO ConfigurationStore] MigratedCredFilePath: C:\Users\fullm\Documents\Education\Coding\FullstackOpen\GitRepos\full-stack-open-pokedex\actions-runner\.credentials_migrated
[2023-06-05 10:37:34Z INFO HostContext] Well known directory 'Bin': 'C:\Users\fullm\Documents\Education\Coding\FullstackOpen\GitRepos\full-stack-open-pokedex\actions-runner\bin'
[2023-06-05 10:37:34Z INFO HostContext] Well known directory 'Root': 'C:\Users\fullm\Documents\Education\Coding\FullstackOpen\GitRepos\full-stack-open-pokedex\actions-runner'
[2023-06-05 10:37:34Z INFO HostContext] Well known config file 'Service': 'C:\Users\fullm\Documents\Education\Coding\FullstackOpen\GitRepos\full-stack-open-pokedex\actions-runner\.service'
[2023-06-05 10:37:34Z INFO ConfigurationStore] ServiceConfigFilePath: C:\Users\fullm\Documents\Education\Coding\FullstackOpen\GitRepos\full-stack-open-pokedex\actions-runner\.service
[2023-06-05 10:37:34Z INFO CommandSettings] Flag 'help': 'False'
[2023-06-05 10:37:34Z INFO CommandSettings] Flag 'version': 'False'
[2023-06-05 10:37:34Z INFO CommandSettings] Flag 'commit': 'False'
[2023-06-05 10:37:34Z INFO CommandSettings] Flag 'check': 'False'
[2023-06-05 10:37:34Z INFO CommandSettings] Command 'configure': 'False'
[2023-06-05 10:37:34Z INFO CommandSettings] Command 'remove': 'False'
[2023-06-05 10:37:34Z INFO CommandSettings] Command 'warmup': 'False'
[2023-06-05 10:37:34Z INFO ConfigurationManager] LoadSettings
[2023-06-05 10:37:34Z INFO ConfigurationStore] IsConfigured()
[2023-06-05 10:37:34Z INFO ConfigurationStore] IsConfigured: True
[2023-06-05 10:37:34Z INFO ConfigurationManager] Is configured: True
[2023-06-05 10:37:34Z INFO ConfigurationStore] Read setting file: 310 chars
[2023-06-05 10:37:34Z INFO ConfigurationManager] Settings Loaded
[2023-06-05 10:37:34Z INFO ConfigurationStore] IsServiceConfigured()
[2023-06-05 10:37:34Z INFO ConfigurationStore] IsServiceConfigured: False
[2023-06-05 10:37:34Z INFO CommandSettings] Command 'run': 'True'
[2023-06-05 10:37:34Z INFO ConfigurationStore] IsConfigured()
[2023-06-05 10:37:34Z INFO ConfigurationStore] IsConfigured: True
[2023-06-05 10:37:34Z INFO ConfigurationManager] Is configured: True
[2023-06-05 10:37:34Z INFO Runner] Could not parse the argument value '' for StartupType. Defaulting to Manual
[2023-06-05 10:37:34Z INFO Runner] Set runner startup type - Manual
[2023-06-05 10:37:34Z INFO CommandSettings] Flag 'once': 'False'
[2023-06-05 10:37:34Z INFO CommandSettings] Flag 'once': 'False'
[2023-06-05 10:37:34Z INFO Runner] RunAsync
[2023-06-05 10:37:34Z INFO ConfigurationManager] LoadSettings
[2023-06-05 10:37:34Z INFO ConfigurationStore] IsConfigured()
[2023-06-05 10:37:34Z INFO ConfigurationStore] IsConfigured: True
[2023-06-05 10:37:34Z INFO ConfigurationManager] Is configured: True
[2023-06-05 10:37:34Z INFO ConfigurationManager] Settings Loaded
[2023-06-05 10:37:34Z INFO MessageListener] {
  "AgentId": 22,
  "AgentName": "DESKTOP-D10U003",
  "PoolId": 1,
  "PoolName": "Default",
  "ServerUrl": "https://pipelines.actions.githubusercontent.com/d16QqtJqhbCCNwBDGMColJhXx838o1DNb0UJF6s78p2zROHFuM",
  "GitHubUrl": "https://github.com/LRNZH/full-stack-open-pokedex",
  "WorkFolder": "_work"
}
[2023-06-05 10:37:34Z INFO MessageListener] Loading Credentials
[2023-06-05 10:37:34Z INFO ConfigurationStore] HasCredentials()
[2023-06-05 10:37:34Z INFO ConfigurationStore] stored True
[2023-06-05 10:37:34Z INFO CredentialManager] GetCredentialProvider
[2023-06-05 10:37:34Z INFO CredentialManager] Creating type OAuth
[2023-06-05 10:37:34Z INFO CredentialManager] Creating credential type: OAuth
[2023-06-05 10:37:34Z INFO HostContext] Well known directory 'Bin': 'C:\Users\fullm\Documents\Education\Coding\FullstackOpen\GitRepos\full-stack-open-pokedex\actions-runner\bin'
[2023-06-05 10:37:34Z INFO HostContext] Well known directory 'Root': 'C:\Users\fullm\Documents\Education\Coding\FullstackOpen\GitRepos\full-stack-open-pokedex\actions-runner'
[2023-06-05 10:37:34Z INFO HostContext] Well known config file 'RSACredentials': 'C:\Users\fullm\Documents\Education\Coding\FullstackOpen\GitRepos\full-stack-open-pokedex\actions-runner\.credentials_rsaparams'
[2023-06-05 10:37:34Z INFO RSAEncryptedFileKeyManager] Loading RSA key parameters from file C:\Users\fullm\Documents\Education\Coding\FullstackOpen\GitRepos\full-stack-open-pokedex\actions-runner\.credentials_rsaparams
[2023-06-05 10:37:34Z INFO MessageListener] Attempt to create session.
[2023-06-05 10:37:34Z INFO MessageListener] Connecting to the Runner Server...
[2023-06-05 10:37:34Z INFO RunnerServer] EstablishVssConnection
[2023-06-05 10:37:34Z INFO RunnerServer] Establish connection with 100 seconds timeout.
[2023-06-05 10:37:34Z INFO GitHubActionsService] Starting operation Location.GetConnectionData
[2023-06-05 10:37:34Z INFO RunnerServer] EstablishVssConnection
[2023-06-05 10:37:34Z INFO RunnerServer] Establish connection with 60 seconds timeout.
[2023-06-05 10:37:34Z INFO GitHubActionsService] Starting operation Location.GetConnectionData
[2023-06-05 10:37:34Z INFO RunnerServer] EstablishVssConnection
[2023-06-05 10:37:34Z INFO RunnerServer] Establish connection with 60 seconds timeout.
[2023-06-05 10:37:34Z INFO GitHubActionsService] Starting operation Location.GetConnectionData
[2023-06-05 10:37:35Z INFO GitHubActionsService] Finished operation Location.GetConnectionData
[2023-06-05 10:37:35Z INFO GitHubActionsService] Finished operation Location.GetConnectionData
[2023-06-05 10:37:35Z INFO GitHubActionsService] Finished operation Location.GetConnectionData
[2023-06-05 10:37:35Z INFO MessageListener] VssConnection created
[2023-06-05 10:37:35Z INFO Terminal] WRITE LINE: 
[2023-06-05 10:37:35Z INFO Terminal] WRITE LINE: 
[2023-06-05 10:37:36Z INFO RSAEncryptedFileKeyManager] Loading RSA key parameters from file C:\Users\fullm\Documents\Education\Coding\FullstackOpen\GitRepos\full-stack-open-pokedex\actions-runner\.credentials_rsaparams
[2023-06-05 10:37:36Z INFO RSAEncryptedFileKeyManager] Loading RSA key parameters from file C:\Users\fullm\Documents\Education\Coding\FullstackOpen\GitRepos\full-stack-open-pokedex\actions-runner\.credentials_rsaparams
[2023-06-05 10:37:37Z INFO GitHubActionsService] AAD Correlation ID for this token request: Unknown
[2023-06-05 10:37:37Z ERR  GitHubActionsService] POST request to https://pipelines.actions.githubusercontent.com/d16QqtJqhbCCNwBDGMColJhXx838o1DNb0UJF6s78p2zROHFuM/_apis/distributedtask/pools/1/sessions failed. HTTP Status: Conflict, AFD Ref: Ref A: 5769417CFAD546FA8E84596EA10C5F73 Ref B: LOS30EDGE0120 Ref C: 2023-06-05T10:37:36Z
[2023-06-05 10:37:37Z ERR  MessageListener] Catch exception during create session.
[2023-06-05 10:37:37Z ERR  MessageListener] GitHub.DistributedTask.WebApi.TaskAgentSessionConflictException: The actions runner DESKTOP-D10U003 already has an active session for owner DESKTOP-D10U003.
   at GitHub.Services.WebApi.VssHttpClientBase.HandleResponseAsync(HttpResponseMessage response, CancellationToken cancellationToken)
   at GitHub.Services.WebApi.VssHttpClientBase.SendAsync(HttpRequestMessage message, HttpCompletionOption completionOption, Object userState, CancellationToken cancellationToken)
   at GitHub.Services.WebApi.VssHttpClientBase.SendAsync[T](HttpRequestMessage message, Object userState, CancellationToken cancellationToken)
   at GitHub.Services.WebApi.VssHttpClientBase.SendAsync[T](HttpMethod method, IEnumerable`1 additionalHeaders, Guid locationId, Object routeValues, ApiResourceVersion version, HttpContent content, IEnumerable`1 queryParameters, Object userState, CancellationToken cancellationToken)
   at GitHub.Runner.Listener.MessageListener.CreateSessionAsync(CancellationToken token)
[2023-06-05 10:37:37Z INFO MessageListener] The session for this runner already exists.
[2023-06-05 10:37:37Z ERR  Terminal] WRITE ERROR: A session for this runner already exists.
[2023-06-05 10:37:37Z INFO MessageListener] The session conflict exception haven't reached retry limit.
[2023-06-05 10:37:37Z ERR  Terminal] WRITE ERROR: 2023-06-05 10:37:37Z: Runner connect error: The actions runner DESKTOP-D10U003 already has an active session for owner DESKTOP-D10U003.. Retrying until reconnected.
[2023-06-05 10:37:37Z INFO MessageListener] Sleeping for 30 seconds before retrying.
[2023-06-05 10:37:43Z INFO Terminal] WRITE LINE: Exiting...
[2023-06-05 10:37:43Z INFO ConfigurationStore] IsServiceConfigured()
[2023-06-05 10:37:43Z INFO ConfigurationStore] IsServiceConfigured: False
[2023-06-05 10:37:43Z INFO HostContext] Runner will be shutdown for UserCancelled
[2023-06-05 10:37:43Z INFO Listener] Runner execution been cancelled.
